Arguments: 
  /Users/satoshimatsushima/.nodebrew/node/v16.2.0/bin/node /Users/satoshimatsushima/.nodebrew/current/bin/yarn init

PATH: 
  /Users/satoshimatsushima/.nodebrew/current/bin:/opt/homebrew/bin:/opt/homebrew/sbin:/usr/local/bin:/usr/bin:/bin:/usr/sbin:/sbin:/Users/satoshimatsushima/.nodebrew/current/bin:/opt/homebrew/bin:/opt/homebrew/sbin

Yarn version: 
  1.22.10

Node version: 
  16.2.0

Platform: 
  darwin arm64

Trace: 
  Error: canceled
      at Interface.<anonymous> (/Users/satoshimatsushima/.nodebrew/node/v16.2.0/lib/node_modules/yarn/lib/cli.js:136216:13)
      at Interface.emit (node:events:365:28)
      at Interface._ttyWrite (node:readline:1069:16)
      at ReadStream.onkeypress (node:readline:288:10)
      at ReadStream.emit (node:events:365:28)
      at emitKeys (node:internal/readline/utils:358:14)
      at emitKeys.next (<anonymous>)
      at ReadStream.onData (node:internal/readline/emitKeypressEvents:61:36)
      at ReadStream.emit (node:events:365:28)
      at addChunk (node:internal/streams/readable:314:12)

npm manifest: 
  {
    "name": "react-typescript",
    "version": "1.0.0",
    "description": "React and TypeScript example starter project",
    "keywords": [
      "typescript",
      "react",
      "starter"
    ],
    "main": "src/index.tsx",
    "dependencies": {
      "react": "17.0.2",
      "react-dom": "17.0.2",
      "react-scripts": "4.0.0"
    },
    "devDependencies": {
      "@types/react": "17.0.0",
      "@types/react-dom": "17.0.0",
      "typescript": "4.1.3"
    },
    "scripts": {
      "start": "react-scripts start",
      "build": "react-scripts build",
      "test": "react-scripts test --env=jsdom",
      "eject": "react-scripts eject"
    },
    "browserslist": [
      ">0.2%",
      "not dead",
      "not ie <= 11",
      "not op_mini all"
    ]
  }

yarn manifest: 
  No manifest

Lockfile: 
  No lockfile
